<?xml version="1.0" encoding="UTF-8"?>
<!-- Generated by org.testng.reporters.JUnitReportReporter -->
<testsuite skipped="0" hostname="Alexanders-MacBook-Pro.local" name="tests.LoginTest_wrongCreds" tests="2" failures="0" timestamp="02 Jun 2020 03:49:03 GMT" time="5.113" errors="0">
  <testcase name="loginWithWrongCreds" time="2.562" classname="tests.LoginTest_wrongCreds"/>
  <testcase name="loginWithWrongCreds" time="2.551" classname="tests.LoginTest_wrongCreds"/>
</testsuite> <!-- tests.LoginTest_wrongCreds -->
